{
  "RSpec": {
    "coverage": {
      "/Users/sugat/Documents/uva/4_fourth/CS_4970/pauselab/app/spec/features/dynamic_homepage_spec.rb": [
        1,
        null,
        1,
        null,
        1,
        3,
        null,
        null,
        1,
        1,
        1,
        1,
        null,
        null,
        1,
        1,
        1,
        1,
        null,
        null,
        1,
        1,
        1,
        1,
        null,
        null,
        null
      ],
      "/Users/sugat/Documents/uva/4_fourth/CS_4970/pauselab/app/spec/rails_helper.rb": [
        null,
        1,
        1,
        null,
        1,
        1,
        1,
        null,
        null,
        null,
        null,
        null,
        null,
        null,
        null,
        null,
        null,
        null,
        null,
        null,
        null,
        null,
        null,
        null,
        null,
        null,
        1,
        null,
        1,
        null,
        null,
        1,
        1,
        3,
        null,
        null,
        null,
        1,
        null,
        null,
        1,
        null,
        null,
        1,
        null,
        null,
        null,
        null,
        1,
        null,
        null,
        null,
        null,
        null,
        null,
        null,
        null,
        null,
        null,
        null,
        null,
        null,
        null,
        1,
        null,
        null,
        1,
        null,
        null,
        null
      ],
      "/Users/sugat/Documents/uva/4_fourth/CS_4970/pauselab/app/config/environment.rb": [
        null,
        1,
        null,
        null,
        1
      ],
      "/Users/sugat/Documents/uva/4_fourth/CS_4970/pauselab/app/config/application.rb": [
        1,
        null,
        1,
        1,
        null,
        null,
        null,
        1,
        null,
        null,
        1,
        1,
        null,
        null,
        null,
        null,
        1,
        1,
        null,
        null
      ],
      "/Users/sugat/Documents/uva/4_fourth/CS_4970/pauselab/app/config/boot.rb": [
        1,
        null,
        1
      ],
      "/Users/sugat/Documents/uva/4_fourth/CS_4970/pauselab/app/config/environments/test.rb": [
        1,
        null,
        null,
        null,
        null,
        null,
        null,
        1,
        null,
        null,
        null,
        null,
        1,
        null,
        null,
        1,
        1,
        null,
        null,
        null,
        null,
        1,
        1,
        null,
        null,
        1,
        null,
        null,
        1,
        1,
        null,
        null,
        null,
        null,
        1,
        null,
        null,
        1,
        null,
        null,
        null,
        null
      ],
      "/Users/sugat/Documents/uva/4_fourth/CS_4970/pauselab/app/config/initializers/application_controller_renderer.rb": [
        null,
        null,
        null,
        null,
        null,
        null
      ],
      "/Users/sugat/Documents/uva/4_fourth/CS_4970/pauselab/app/config/initializers/assets.rb": [
        null,
        null,
        null,
        1,
        null,
        null,
        null,
        null,
        null,
        null,
        null
      ],
      "/Users/sugat/Documents/uva/4_fourth/CS_4970/pauselab/app/config/initializers/backtrace_silencers.rb": [
        null,
        null,
        null,
        null,
        null,
        null,
        null
      ],
      "/Users/sugat/Documents/uva/4_fourth/CS_4970/pauselab/app/config/initializers/cookies_serializer.rb": [
        null,
        null,
        null,
        null,
        1
      ],
      "/Users/sugat/Documents/uva/4_fourth/CS_4970/pauselab/app/config/initializers/devise.rb": [
        null,
        null,
        1,
        null,
        null,
        null,
        null,
        null,
        1,
        null,
        null,
        null,
        null,
        null,
        1,
        null,
        null,
        null,
        null,
        null,
        null,
        null,
        null,
        null,
        null,
        null,
        1,
        null,
        null,
        null,
        null,
        null,
        null,
        null,
        null,
        null,
        null,
        null,
        null,
        null,
        null,
        null,
        null,
        null,
        null,
        null,
        null,
        null,
        1,
        null,
        null,
        null,
        null,
        1,
        null,
        null,
        null,
        null,
        null,
        null,
        null,
        null,
        null,
        null,
        null,
        null,
        null,
        null,
        null,
        null,
        null,
        null,
        null,
        null,
        null,
        null,
        null,
        null,
        null,
        null,
        null,
        null,
        null,
        null,
        1,
        null,
        null,
        null,
        null,
        null,
        null,
        null,
        null,
        null,
        null,
        null,
        null,
        null,
        null,
        null,
        null,
        null,
        null,
        null,
        null,
        null,
        null,
        1,
        null,
        null,
        null,
        null,
        null,
        null,
        null,
        null,
        null,
        null,
        null,
        null,
        null,
        null,
        null,
        null,
        null,
        null,
        null,
        null,
        null,
        null,
        null,
        null,
        null,
        null,
        null,
        1,
        null,
        null,
        null,
        null,
        null,
        null,
        null,
        null,
        null,
        1,
        null,
        null,
        null,
        null,
        null,
        null,
        null,
        null,
        null,
        null,
        1,
        null,
        null,
        null,
        null,
        1,
        null,
        null,
        null,
        null,
        null,
        null,
        null,
        null,
        null,
        null,
        null,
        null,
        null,
        null,
        null,
        null,
        null,
        null,
        null,
        null,
        null,
        null,
        null,
        null,
        null,
        null,
        null,
        null,
        null,
        null,
        null,
        null,
        null,
        null,
        null,
        null,
        null,
        null,
        null,
        null,
        1,
        null,
        null,
        null,
        null,
        null,
        null,
        null,
        null,
        null,
        null,
        null,
        null,
        null,
        null,
        null,
        null,
        null,
        null,
        null,
        1,
        null,
        null,
        null,
        null,
        null,
        null,
        null,
        null,
        null,
        null,
        null,
        null,
        null,
        null,
        null,
        null,
        null,
        null,
        null,
        null,
        null,
        1,
        null,
        null,
        null,
        null,
        null,
        null,
        null,
        null,
        null,
        null,
        null,
        null,
        null,
        null,
        null,
        null,
        null,
        null,
        null,
        null,
        null,
        null,
        null,
        null,
        null,
        null,
        null,
        null,
        null
      ],
      "/Users/sugat/Documents/uva/4_fourth/CS_4970/pauselab/app/config/initializers/filter_parameter_logging.rb": [
        null,
        null,
        null,
        1
      ],
      "/Users/sugat/Documents/uva/4_fourth/CS_4970/pauselab/app/config/initializers/inflections.rb": [
        null,
        null,
        null,
        null,
        null,
        null,
        null,
        null,
        null,
        null,
        null,
        null,
        null,
        null,
        null,
        null
      ],
      "/Users/sugat/Documents/uva/4_fourth/CS_4970/pauselab/app/config/initializers/mime_types.rb": [
        null,
        null,
        null,
        null
      ],
      "/Users/sugat/Documents/uva/4_fourth/CS_4970/pauselab/app/config/initializers/new_framework_defaults.rb": [
        null,
        null,
        null,
        null,
        null,
        null,
        null,
        1,
        null,
        null,
        1,
        null,
        null,
        null,
        1,
        null,
        null,
        1,
        null,
        null,
        1,
        null,
        null,
        1
      ],
      "/Users/sugat/Documents/uva/4_fourth/CS_4970/pauselab/app/config/initializers/session_store.rb": [
        null,
        null,
        1
      ],
      "/Users/sugat/Documents/uva/4_fourth/CS_4970/pauselab/app/config/initializers/simple_form.rb": [
        null,
        1,
        null,
        null,
        null,
        null,
        null,
        1,
        null,
        null,
        null,
        null,
        null,
        null,
        null,
        null,
        null,
        1,
        null,
        null,
        null,
        1,
        null,
        null,
        null,
        null,
        null,
        null,
        null,
        null,
        1,
        null,
        null,
        1,
        null,
        null,
        1,
        null,
        null,
        1,
        null,
        null,
        1,
        1,
        1,
        null,
        null,
        null,
        null,
        null,
        null,
        null,
        null,
        null,
        1,
        null,
        null,
        null,
        null,
        null,
        1,
        null,
        null,
        1,
        null,
        null,
        null,
        null,
        null,
        null,
        null,
        1,
        null,
        null,
        1,
        null,
        null,
        null,
        null,
        null,
        null,
        null,
        null,
        null,
        null,
        null,
        null,
        null,
        null,
        null,
        null,
        null,
        null,
        null,
        null,
        null,
        null,
        null,
        null,
        null,
        null,
        null,
        null,
        null,
        null,
        null,
        null,
        null,
        null,
        null,
        null,
        null,
        null,
        null,
        null,
        null,
        null,
        null,
        null,
        1,
        null,
        null,
        null,
        null,
        null,
        null,
        null,
        null,
        null,
        null,
        null,
        null,
        null,
        null,
        null,
        null,
        null,
        null,
        null,
        null,
        null,
        null,
        null,
        null,
        null,
        null,
        null,
        null,
        null,
        null,
        null,
        null,
        null,
        null,
        null,
        null,
        1,
        null,
        null,
        null,
        null,
        null,
        null,
        null,
        null
      ],
      "/Users/sugat/Documents/uva/4_fourth/CS_4970/pauselab/app/config/initializers/simple_form_bootstrap.rb": [
        null,
        1,
        1,
        1,
        1,
        null,
        1,
        1,
        1,
        1,
        1,
        1,
        1,
        1,
        null,
        1,
        1,
        1,
        null,
        null,
        1,
        1,
        1,
        1,
        1,
        1,
        null,
        1,
        1,
        1,
        null,
        null,
        1,
        1,
        1,
        null,
        1,
        1,
        null,
        null,
        1,
        1,
        null,
        null,
        1,
        1,
        1,
        1,
        1,
        1,
        1,
        null,
        null,
        1,
        1,
        1,
        1,
        1,
        1,
        1,
        1,
        null,
        1,
        1,
        1,
        1,
        null,
        null,
        null,
        1,
        1,
        1,
        1,
        1,
        1,
        null,
        1,
        1,
        1,
        1,
        null,
        null,
        null,
        1,
        1,
        1,
        null,
        1,
        1,
        1,
        null,
        null,
        1,
        1,
        null,
        null,
        null,
        1,
        1,
        1,
        null,
        1,
        null,
        1,
        1,
        1,
        1,
        null,
        null,
        null,
        1,
        1,
        1,
        1,
        1,
        1,
        1,
        1,
        null,
        1,
        1,
        1,
        null,
        null,
        1,
        1,
        1,
        1,
        1,
        1,
        1,
        1,
        null,
        null,
        null,
        null,
        null,
        null,
        1,
        1,
        null,
        null,
        null,
        null,
        null,
        null,
        null,
        null,
        null
      ],
      "/Users/sugat/Documents/uva/4_fourth/CS_4970/pauselab/app/config/initializers/social_share_button.rb": [
        1,
        1,
        null
      ],
      "/Users/sugat/Documents/uva/4_fourth/CS_4970/pauselab/app/config/initializers/wrap_parameters.rb": [
        null,
        null,
        null,
        null,
        null,
        null,
        1,
        2,
        null,
        null,
        null,
        null,
        null,
        null
      ],
      "/Users/sugat/Documents/uva/4_fourth/CS_4970/pauselab/app/app/helpers/admins_helper.rb": [
        1,
        null
      ],
      "/Users/sugat/Documents/uva/4_fourth/CS_4970/pauselab/app/app/helpers/application_helper.rb": [
        1,
        null,
        1,
        null,
        null,
        null,
        null,
        null,
        0,
        null,
        null,
        null,
        null,
        1,
        null,
        3,
        0,
        0,
        0,
        null,
        null,
        null,
        null,
        null,
        null
      ],
      "/Users/sugat/Documents/uva/4_fourth/CS_4970/pauselab/app/app/helpers/blogs_helper.rb": [
        1,
        null
      ],
      "/Users/sugat/Documents/uva/4_fourth/CS_4970/pauselab/app/app/helpers/categories_helper.rb": [
        1,
        null
      ],
      "/Users/sugat/Documents/uva/4_fourth/CS_4970/pauselab/app/app/helpers/ideas_helper.rb": [
        1,
        null
      ],
      "/Users/sugat/Documents/uva/4_fourth/CS_4970/pauselab/app/app/helpers/landingpages_helper.rb": [
        1,
        null
      ],
      "/Users/sugat/Documents/uva/4_fourth/CS_4970/pauselab/app/app/helpers/mass_emails_helper.rb": [
        1,
        null
      ],
      "/Users/sugat/Documents/uva/4_fourth/CS_4970/pauselab/app/app/helpers/pages_helper.rb": [
        1,
        null
      ],
      "/Users/sugat/Documents/uva/4_fourth/CS_4970/pauselab/app/app/helpers/proposal_comments_helper.rb": [
        1,
        null
      ],
      "/Users/sugat/Documents/uva/4_fourth/CS_4970/pauselab/app/app/helpers/proposals_helper.rb": [
        1,
        1,
        0,
        0,
        0,
        0,
        0,
        0,
        0,
        null,
        null
      ],
      "/Users/sugat/Documents/uva/4_fourth/CS_4970/pauselab/app/app/helpers/votes_helper.rb": [
        1,
        null
      ],
      "/Users/sugat/Documents/uva/4_fourth/CS_4970/pauselab/app/spec/factories.rb": [
        1,
        null,
        1,
        null,
        1,
        3,
        null,
        null,
        1,
        3,
        null,
        null,
        1,
        3,
        null,
        null,
        null,
        1,
        1,
        null,
        null,
        1,
        1,
        1,
        1,
        1,
        1,
        1,
        1,
        1,
        1,
        1,
        1,
        null,
        null,
        1,
        4,
        4,
        4,
        4,
        4,
        null,
        null,
        1,
        1,
        null,
        1,
        7,
        null,
        1,
        1,
        null,
        1,
        1,
        null,
        1,
        1,
        null,
        1,
        1,
        null,
        null,
        null,
        null,
        1,
        1,
        1,
        1,
        1,
        1,
        1,
        1,
        1,
        1,
        1,
        1,
        1,
        1,
        1,
        1,
        null,
        1,
        1,
        1,
        null,
        1,
        0,
        null,
        null,
        null,
        null,
        1,
        1,
        1,
        1,
        null,
        null,
        1,
        1,
        1,
        1,
        1,
        null,
        null,
        1,
        1,
        1,
        null,
        null,
        1,
        1,
        1,
        null,
        null,
        null
      ],
      "/Users/sugat/Documents/uva/4_fourth/CS_4970/pauselab/app/config/routes.rb": [
        1,
        null,
        null,
        null,
        1,
        1,
        null,
        null,
        1,
        null,
        1,
        1,
        1,
        null,
        null,
        1,
        1,
        1,
        1,
        1,
        1,
        1,
        1,
        1,
        1,
        1,
        null,
        null,
        1,
        1,
        null,
        null,
        1,
        1,
        1,
        1,
        1,
        1,
        null,
        null,
        1,
        null,
        null,
        1,
        null,
        null,
        null,
        1,
        1,
        1,
        null,
        null,
        null,
        null,
        null
      ],
      "/Users/sugat/Documents/uva/4_fourth/CS_4970/pauselab/app/app/models/user.rb": [
        1,
        null,
        null,
        1,
        null,
        null,
        1,
        1,
        null,
        1,
        1,
        1,
        null,
        1,
        null,
        1,
        6,
        null,
        null,
        1,
        1,
        3,
        null,
        null,
        1,
        0,
        null,
        null,
        1,
        0,
        null,
        null
      ],
      "/Users/sugat/Documents/uva/4_fourth/CS_4970/pauselab/app/app/models/application_record.rb": [
        1,
        1,
        null,
        1,
        1,
        0,
        0,
        0,
        null,
        0,
        0,
        null,
        null,
        null,
        null
      ],
      "/Users/sugat/Documents/uva/4_fourth/CS_4970/pauselab/app/app/models/iteration.rb": [
        1,
        null,
        1,
        1,
        1,
        1,
        null,
        1,
        null,
        1,
        8,
        8,
        null,
        0,
        0,
        0,
        null,
        null,
        null,
        1,
        6,
        null,
        null,
        1,
        0,
        0,
        null,
        0,
        null,
        null,
        null,
        null,
        null
      ],
      "/Users/sugat/Documents/uva/4_fourth/CS_4970/pauselab/app/app/controllers/pages_controller.rb": [
        1,
        null,
        1,
        3,
        null,
        1,
        null,
        1,
        null,
        1,
        null,
        null,
        null,
        0,
        null,
        null,
        null,
        1,
        0,
        null,
        null,
        null,
        null,
        null,
        null,
        null,
        0,
        null,
        null,
        1,
        0,
        0,
        0,
        null,
        0,
        null,
        null,
        1,
        null,
        null,
        1,
        null,
        null,
        1,
        null,
        null,
        1,
        null,
        null,
        1,
        null,
        null,
        0,
        0,
        0,
        0,
        0,
        0,
        null,
        null,
        1,
        0,
        0,
        null,
        0,
        null,
        null,
        null,
        null,
        null,
        null,
        0,
        0,
        0,
        0,
        0,
        0,
        null,
        null,
        0,
        null,
        null,
        null,
        null
      ],
      "/Users/sugat/Documents/uva/4_fourth/CS_4970/pauselab/app/app/controllers/application_controller.rb": [
        1,
        1,
        1,
        null,
        null,
        null,
        1,
        null,
        null,
        1,
        6,
        6,
        6,
        null,
        null,
        null,
        1,
        6,
        null,
        null,
        null,
        1,
        0,
        0,
        0,
        0,
        null,
        null,
        null,
        null,
        1,
        6,
        null,
        null,
        1,
        null,
        null,
        0,
        null,
        0,
        null,
        0,
        null,
        0,
        0,
        null,
        null,
        1,
        1,
        0,
        null,
        null,
        1,
        0,
        0,
        0,
        0,
        null,
        null,
        null,
        1,
        0,
        null,
        1,
        null
      ],
      "/Users/sugat/Documents/uva/4_fourth/CS_4970/pauselab/app/app/models/landingpage.rb": [
        1,
        1,
        1,
        null,
        1,
        0,
        null,
        null
      ],
      "/Users/sugat/Documents/uva/4_fourth/CS_4970/pauselab/app/app/models/ability.rb": [
        1,
        1,
        null,
        1,
        null,
        3,
        3,
        null,
        null,
        null,
        3,
        null,
        3,
        0,
        null,
        null,
        0,
        null,
        null,
        0,
        0,
        0,
        0,
        0,
        null,
        null,
        0,
        0,
        0,
        0,
        null,
        null,
        0,
        0,
        0,
        null,
        null,
        3,
        3,
        3,
        null,
        3,
        3,
        3,
        null,
        null,
        0,
        0,
        0,
        null,
        0,
        0,
        null,
        null,
        null,
        3,
        3,
        2,
        null,
        null,
        null,
        null
      ],
      "/Users/sugat/Documents/uva/4_fourth/CS_4970/pauselab/app/app/models/proposal.rb": [
        1,
        null,
        1,
        1,
        1,
        null,
        1,
        null,
        1,
        1,
        null,
        1,
        null,
        1,
        null,
        1,
        0,
        null,
        null,
        1,
        0,
        null,
        null,
        1,
        0,
        null,
        null,
        1,
        0,
        null,
        null
      ],
      "/Users/sugat/Documents/uva/4_fourth/CS_4970/pauselab/app/app/models/idea.rb": [
        1,
        null,
        1,
        1,
        null,
        1,
        null,
        1,
        1,
        null,
        1,
        null,
        1,
        0,
        null,
        null,
        1,
        0,
        null,
        null,
        1,
        0,
        null,
        null
      ],
      "/Users/sugat/Documents/uva/4_fourth/CS_4970/pauselab/app/app/models/vote.rb": [
        1,
        1,
        1,
        1,
        null,
        1,
        0,
        null,
        null,
        null
      ],
      "/Users/sugat/Documents/uva/4_fourth/CS_4970/pauselab/app/app/models/blog.rb": [
        1,
        1,
        1,
        1,
        null,
        1,
        0,
        null,
        null,
        1,
        0,
        null,
        null
      ],
      "/Users/sugat/Documents/uva/4_fourth/CS_4970/pauselab/app/app/models/category.rb": [
        1,
        1,
        1,
        null,
        1,
        1,
        null,
        1,
        0,
        null,
        null
      ],
      "/Users/sugat/Documents/uva/4_fourth/CS_4970/pauselab/app/app/models/proposal_comment.rb": [
        1,
        1,
        1,
        null,
        1,
        null
      ],
      "/Users/sugat/Documents/uva/4_fourth/CS_4970/pauselab/app/app/controllers/ideas_controller.rb": [
        1,
        1,
        null,
        1,
        0,
        0,
        0,
        0,
        null,
        0,
        0,
        null,
        0,
        0,
        null,
        0,
        0,
        0,
        null,
        0,
        0,
        null,
        null,
        null,
        0,
        0,
        0,
        null,
        0,
        null,
        null,
        1,
        0,
        0,
        0,
        0,
        null,
        null,
        null,
        1,
        0,
        null,
        null,
        1,
        null,
        1,
        0,
        null,
        null,
        1,
        0,
        0,
        0,
        0,
        0,
        null,
        0,
        0,
        null,
        null,
        null,
        1,
        0,
        null,
        null,
        null,
        1,
        0,
        0,
        null,
        0,
        0,
        null,
        0,
        null,
        0,
        0,
        0,
        null,
        0,
        0,
        0,
        null,
        null,
        0,
        0,
        0,
        0,
        0,
        0,
        null,
        null,
        null,
        null,
        0,
        0,
        0,
        null,
        0,
        0,
        0,
        null,
        0,
        0,
        0,
        0,
        null,
        null,
        null,
        null,
        1,
        1,
        null,
        1,
        1,
        0,
        null,
        null,
        null,
        1,
        0,
        0,
        0,
        null,
        null,
        1,
        0,
        0,
        0,
        null,
        0,
        null,
        null,
        null,
        1,
        0,
        0,
        0,
        null,
        0,
        null,
        null,
        null,
        1,
        1,
        0,
        null,
        null,
        null,
        null,
        null,
        null,
        null,
        null,
        null,
        null,
        null,
        null,
        1,
        0,
        0,
        null,
        0,
        null,
        null
      ],
      "/Users/sugat/Documents/uva/4_fourth/CS_4970/pauselab/app/app/controllers/votes_controller.rb": [
        1,
        1,
        null,
        1,
        0,
        null,
        null,
        1,
        1,
        1,
        1,
        0,
        0,
        null,
        null,
        null,
        1,
        0,
        0,
        null,
        0,
        0,
        0,
        0,
        null,
        0,
        null,
        null,
        null,
        null,
        1,
        1,
        0,
        null,
        null,
        null
      ]
    },
    "timestamp": 1488217531
  }
}
